  CircleGizmo.cpp
  FPSMonitor.cpp
  GameComponent.cpp
  GameManager.cpp
  GameObject.cpp
  LineGizmo.cpp
C:\Users\andrew.patton\Documents\GitHub\PattonParking\LineGizmo.cpp(41,30): warning C4244: 'initializing': conversion from 'double' to 'float', possible loss of data
  main.cpp
  Player.cpp
C:\Users\andrew.patton\Documents\GitHub\PattonParking\Player.cpp(39,44): warning C4244: 'argument': conversion from 'double' to 'float', possible loss of data
C:\Users\andrew.patton\Documents\GitHub\PattonParking\Player.cpp(47,22): warning C4244: 'initializing': conversion from 'double' to 'float', possible loss of data
  PlayerController.cpp
  CarBodyPrefab.cpp
  CarWheelPrefab.cpp
C:\Users\andrew.patton\Documents\GitHub\PattonParking\prefabs\CarWheelPrefab.cpp(27,22): warning C4244: 'initializing': conversion from 'double' to 'float', possible loss of data
  RectangleGizmo.cpp
  Renderable.cpp
  SpriteWrapper.cpp
  TimeKeeper.cpp
  Updateable.cpp
  Generating Code...
CarBodyPrefab.obj : error LNK2001: unresolved external symbol "__declspec(dllimport) public: __cdecl sf::Transformable::Transformable(void)" (__imp_??0Transformable@sf@@QEAA@XZ)
CarWheelPrefab.obj : error LNK2001: unresolved external symbol "__declspec(dllimport) public: __cdecl sf::Transformable::Transformable(void)" (__imp_??0Transformable@sf@@QEAA@XZ)
RectangleGizmo.obj : error LNK2001: unresolved external symbol "__declspec(dllimport) public: __cdecl sf::Transformable::Transformable(void)" (__imp_??0Transformable@sf@@QEAA@XZ)
CircleGizmo.obj : error LNK2001: unresolved external symbol "__declspec(dllimport) public: __cdecl sf::Transformable::Transformable(void)" (__imp_??0Transformable@sf@@QEAA@XZ)
GameManager.obj : error LNK2001: unresolved external symbol "__declspec(dllimport) public: __cdecl sf::Transformable::Transformable(void)" (__imp_??0Transformable@sf@@QEAA@XZ)
LineGizmo.obj : error LNK2001: unresolved external symbol "__declspec(dllimport) public: __cdecl sf::Transformable::Transformable(void)" (__imp_??0Transformable@sf@@QEAA@XZ)
Player.obj : error LNK2001: unresolved external symbol "__declspec(dllimport) public: __cdecl sf::Transformable::Transformable(void)" (__imp_??0Transformable@sf@@QEAA@XZ)
TimeKeeper.obj : error LNK2001: unresolved external symbol "__declspec(dllimport) public: virtual __cdecl sf::Transformable::~Transformable(void)" (__imp_??1Transformable@sf@@UEAA@XZ)
Player.obj : error LNK2001: unresolved external symbol "__declspec(dllimport) public: virtual __cdecl sf::Transformable::~Transformable(void)" (__imp_??1Transformable@sf@@UEAA@XZ)
CarBodyPrefab.obj : error LNK2001: unresolved external symbol "__declspec(dllimport) public: virtual __cdecl sf::Transformable::~Transformable(void)" (__imp_??1Transformable@sf@@UEAA@XZ)
CarWheelPrefab.obj : error LNK2001: unresolved external symbol "__declspec(dllimport) public: virtual __cdecl sf::Transformable::~Transformable(void)" (__imp_??1Transformable@sf@@UEAA@XZ)
RectangleGizmo.obj : error LNK2001: unresolved external symbol "__declspec(dllimport) public: virtual __cdecl sf::Transformable::~Transformable(void)" (__imp_??1Transformable@sf@@UEAA@XZ)
CircleGizmo.obj : error LNK2001: unresolved external symbol "__declspec(dllimport) public: virtual __cdecl sf::Transformable::~Transformable(void)" (__imp_??1Transformable@sf@@UEAA@XZ)
FPSMonitor.obj : error LNK2001: unresolved external symbol "__declspec(dllimport) public: virtual __cdecl sf::Transformable::~Transformable(void)" (__imp_??1Transformable@sf@@UEAA@XZ)
GameManager.obj : error LNK2001: unresolved external symbol "__declspec(dllimport) public: virtual __cdecl sf::Transformable::~Transformable(void)" (__imp_??1Transformable@sf@@UEAA@XZ)
LineGizmo.obj : error LNK2001: unresolved external symbol "__declspec(dllimport) public: virtual __cdecl sf::Transformable::~Transformable(void)" (__imp_??1Transformable@sf@@UEAA@XZ)
SpriteWrapper.obj : error LNK2001: unresolved external symbol "__declspec(dllimport) public: void __cdecl sf::Transformable::setPosition(class sf::Vector2<float> const &)" (__imp_?setPosition@Transformable@sf@@QEAAXAEBV?$Vector2@M@2@@Z)
CircleGizmo.obj : error LNK2001: unresolved external symbol "__declspec(dllimport) public: void __cdecl sf::Transformable::setPosition(class sf::Vector2<float> const &)" (__imp_?setPosition@Transformable@sf@@QEAAXAEBV?$Vector2@M@2@@Z)
CarBodyPrefab.obj : error LNK2001: unresolved external symbol "__declspec(dllimport) public: void __cdecl sf::Transformable::setPosition(class sf::Vector2<float> const &)" (__imp_?setPosition@Transformable@sf@@QEAAXAEBV?$Vector2@M@2@@Z)
CarWheelPrefab.obj : error LNK2001: unresolved external symbol "__declspec(dllimport) public: void __cdecl sf::Transformable::setPosition(class sf::Vector2<float> const &)" (__imp_?setPosition@Transformable@sf@@QEAAXAEBV?$Vector2@M@2@@Z)
RectangleGizmo.obj : error LNK2001: unresolved external symbol "__declspec(dllimport) public: void __cdecl sf::Transformable::setPosition(class sf::Vector2<float> const &)" (__imp_?setPosition@Transformable@sf@@QEAAXAEBV?$Vector2@M@2@@Z)
CircleGizmo.obj : error LNK2019: unresolved external symbol "__declspec(dllimport) public: void __cdecl sf::RenderTarget::draw(class sf::Drawable const &,class sf::RenderStates const &)" (__imp_?draw@RenderTarget@sf@@QEAAXAEBVDrawable@2@AEBVRenderStates@2@@Z) referenced in function "public: virtual void __cdecl CircleGizmo::renderGizmos(class sf::RenderWindow &)" (?renderGizmos@CircleGizmo@@UEAAXAEAVRenderWindow@sf@@@Z)
FPSMonitor.obj : error LNK2001: unresolved external symbol "__declspec(dllimport) public: void __cdecl sf::RenderTarget::draw(class sf::Drawable const &,class sf::RenderStates const &)" (__imp_?draw@RenderTarget@sf@@QEAAXAEBVDrawable@2@AEBVRenderStates@2@@Z)
RectangleGizmo.obj : error LNK2001: unresolved external symbol "__declspec(dllimport) public: void __cdecl sf::RenderTarget::draw(class sf::Drawable const &,class sf::RenderStates const &)" (__imp_?draw@RenderTarget@sf@@QEAAXAEBVDrawable@2@AEBVRenderStates@2@@Z)
SpriteWrapper.obj : error LNK2001: unresolved external symbol "__declspec(dllimport) public: void __cdecl sf::RenderTarget::draw(class sf::Drawable const &,class sf::RenderStates const &)" (__imp_?draw@RenderTarget@sf@@QEAAXAEBVDrawable@2@AEBVRenderStates@2@@Z)
CircleGizmo.obj : error LNK2019: unresolved external symbol "__declspec(dllimport) public: void __cdecl sf::Shape::setFillColor(class sf::Color const &)" (__imp_?setFillColor@Shape@sf@@QEAAXAEBVColor@2@@Z) referenced in function "public: __cdecl CircleGizmo::CircleGizmo(class sf::Vector2<float> *,float)" (??0CircleGizmo@@QEAA@PEAV?$Vector2@M@sf@@M@Z)
RectangleGizmo.obj : error LNK2001: unresolved external symbol "__declspec(dllimport) public: void __cdecl sf::Shape::setFillColor(class sf::Color const &)" (__imp_?setFillColor@Shape@sf@@QEAAXAEBVColor@2@@Z)
CircleGizmo.obj : error LNK2019: unresolved external symbol "__declspec(dllimport) public: void __cdecl sf::Shape::setOutlineColor(class sf::Color const &)" (__imp_?setOutlineColor@Shape@sf@@QEAAXAEBVColor@2@@Z) referenced in function "public: __cdecl CircleGizmo::CircleGizmo(class sf::Vector2<float> *,float)" (??0CircleGizmo@@QEAA@PEAV?$Vector2@M@sf@@M@Z)
RectangleGizmo.obj : error LNK2001: unresolved external symbol "__declspec(dllimport) public: void __cdecl sf::Shape::setOutlineColor(class sf::Color const &)" (__imp_?setOutlineColor@Shape@sf@@QEAAXAEBVColor@2@@Z)
CircleGizmo.obj : error LNK2019: unresolved external symbol "__declspec(dllimport) public: void __cdecl sf::Shape::setOutlineThickness(float)" (__imp_?setOutlineThickness@Shape@sf@@QEAAXM@Z) referenced in function "public: __cdecl CircleGizmo::CircleGizmo(class sf::Vector2<float> *,float)" (??0CircleGizmo@@QEAA@PEAV?$Vector2@M@sf@@M@Z)
RectangleGizmo.obj : error LNK2001: unresolved external symbol "__declspec(dllimport) public: void __cdecl sf::Shape::setOutlineThickness(float)" (__imp_?setOutlineThickness@Shape@sf@@QEAAXM@Z)
CircleGizmo.obj : error LNK2019: unresolved external symbol "__declspec(dllimport) public: __cdecl sf::CircleShape::CircleShape(float,unsigned __int64)" (__imp_??0CircleShape@sf@@QEAA@M_K@Z) referenced in function "public: __cdecl CircleGizmo::CircleGizmo(class sf::Vector2<float> *,float)" (??0CircleGizmo@@QEAA@PEAV?$Vector2@M@sf@@M@Z)
CircleGizmo.obj : error LNK2019: unresolved external symbol "__declspec(dllimport) public: void __cdecl sf::CircleShape::setRadius(float)" (__imp_?setRadius@CircleShape@sf@@QEAAXM@Z) referenced in function "public: __cdecl CircleGizmo::CircleGizmo(class sf::Vector2<float> *,float)" (??0CircleGizmo@@QEAA@PEAV?$Vector2@M@sf@@M@Z)
CircleGizmo.obj : error LNK2019: unresolved external symbol "__declspec(dllimport) public: virtual __cdecl sf::CircleShape::~CircleShape(void)" (__imp_??1CircleShape@sf@@UEAA@XZ) referenced in function "public: __cdecl CircleGizmo::~CircleGizmo(void)" (??1CircleGizmo@@QEAA@XZ)
CircleGizmo.obj : error LNK2019: unresolved external symbol "__declspec(dllimport) public: static class sf::Color const sf::Color::Green" (__imp_?Green@Color@sf@@2V12@B) referenced in function "public: __cdecl CircleGizmo::CircleGizmo(class sf::Vector2<float> *,float)" (??0CircleGizmo@@QEAA@PEAV?$Vector2@M@sf@@M@Z)
LineGizmo.obj : error LNK2001: unresolved external symbol "__declspec(dllimport) public: static class sf::Color const sf::Color::Green" (__imp_?Green@Color@sf@@2V12@B)
Player.obj : error LNK2001: unresolved external symbol "__declspec(dllimport) public: static class sf::Color const sf::Color::Green" (__imp_?Green@Color@sf@@2V12@B)
RectangleGizmo.obj : error LNK2001: unresolved external symbol "__declspec(dllimport) public: static class sf::Color const sf::Color::Green" (__imp_?Green@Color@sf@@2V12@B)
CircleGizmo.obj : error LNK2019: unresolved external symbol "__declspec(dllimport) public: static class sf::Color const sf::Color::Transparent" (__imp_?Transparent@Color@sf@@2V12@B) referenced in function "public: __cdecl CircleGizmo::CircleGizmo(class sf::Vector2<float> *,float)" (??0CircleGizmo@@QEAA@PEAV?$Vector2@M@sf@@M@Z)
RectangleGizmo.obj : error LNK2001: unresolved external symbol "__declspec(dllimport) public: static class sf::Color const sf::Color::Transparent" (__imp_?Transparent@Color@sf@@2V12@B)
SpriteWrapper.obj : error LNK2001: unresolved external symbol "__declspec(dllimport) public: static class sf::RenderStates const sf::RenderStates::Default" (__imp_?Default@RenderStates@sf@@2V12@B)
CircleGizmo.obj : error LNK2001: unresolved external symbol "__declspec(dllimport) public: static class sf::RenderStates const sf::RenderStates::Default" (__imp_?Default@RenderStates@sf@@2V12@B)
FPSMonitor.obj : error LNK2001: unresolved external symbol "__declspec(dllimport) public: static class sf::RenderStates const sf::RenderStates::Default" (__imp_?Default@RenderStates@sf@@2V12@B)
LineGizmo.obj : error LNK2001: unresolved external symbol "__declspec(dllimport) public: static class sf::RenderStates const sf::RenderStates::Default" (__imp_?Default@RenderStates@sf@@2V12@B)
RectangleGizmo.obj : error LNK2001: unresolved external symbol "__declspec(dllimport) public: static class sf::RenderStates const sf::RenderStates::Default" (__imp_?Default@RenderStates@sf@@2V12@B)
FPSMonitor.obj : error LNK2001: unresolved external symbol "private: virtual void __cdecl sf::Text::draw(class sf::RenderTarget &,class sf::RenderStates)const " (?draw@Text@sf@@EEBAXAEAVRenderTarget@2@VRenderStates@2@@Z)
GameManager.obj : error LNK2001: unresolved external symbol "private: virtual void __cdecl sf::Text::draw(class sf::RenderTarget &,class sf::RenderStates)const " (?draw@Text@sf@@EEBAXAEAVRenderTarget@2@VRenderStates@2@@Z)
FPSMonitor.obj : error LNK2019: unresolved external symbol "__declspec(dllimport) public: float __cdecl sf::Time::asSeconds(void)const " (__imp_?asSeconds@Time@sf@@QEBAMXZ) referenced in function "public: virtual void __cdecl FPSMonitor::update(class sf::Time &)" (?update@FPSMonitor@@UEAAXAEAVTime@sf@@@Z)
PlayerController.obj : error LNK2001: unresolved external symbol "__declspec(dllimport) public: float __cdecl sf::Time::asSeconds(void)const " (__imp_?asSeconds@Time@sf@@QEBAMXZ)
FPSMonitor.obj : error LNK2019: unresolved external symbol "__declspec(dllimport) public: __cdecl sf::String::String(class std::basic_string<char,struct std::char_traits<char>,class std::allocator<char> > const &,class std::locale const &)" (__imp_??0String@sf@@QEAA@AEBV?$basic_string@DU?$char_traits@D@std@@V?$allocator@D@2@@std@@AEBVlocale@3@@Z) referenced in function "public: virtual void __cdecl FPSMonitor::update(class sf::Time &)" (?update@FPSMonitor@@UEAAXAEAVTime@sf@@@Z)
GameManager.obj : error LNK2001: unresolved external symbol "__declspec(dllimport) public: __cdecl sf::String::String(class std::basic_string<char,struct std::char_traits<char>,class std::allocator<char> > const &,class std::locale const &)" (__imp_??0String@sf@@QEAA@AEBV?$basic_string@DU?$char_traits@D@std@@V?$allocator@D@2@@std@@AEBVlocale@3@@Z)
FPSMonitor.obj : error LNK2019: unresolved external symbol "__declspec(dllimport) public: __cdecl sf::String::~String(void)" (__imp_??1String@sf@@QEAA@XZ) referenced in function "public: virtual void __cdecl FPSMonitor::update(class sf::Time &)" (?update@FPSMonitor@@UEAAXAEAVTime@sf@@@Z)
GameManager.obj : error LNK2001: unresolved external symbol "__declspec(dllimport) public: __cdecl sf::String::~String(void)" (__imp_??1String@sf@@QEAA@XZ)
FPSMonitor.obj : error LNK2019: unresolved external symbol "__declspec(dllimport) public: void __cdecl sf::Transformable::setOrigin(float,float)" (__imp_?setOrigin@Transformable@sf@@QEAAXMM@Z) referenced in function "public: virtual void __cdecl FPSMonitor::render(class sf::RenderWindow &)" (?render@FPSMonitor@@UEAAXAEAVRenderWindow@sf@@@Z)
RectangleGizmo.obj : error LNK2001: unresolved external symbol "__declspec(dllimport) public: void __cdecl sf::Transformable::setOrigin(float,float)" (__imp_?setOrigin@Transformable@sf@@QEAAXMM@Z)
FPSMonitor.obj : error LNK2019: unresolved external symbol "__declspec(dllimport) public: void __cdecl sf::Text::setString(class sf::String const &)" (__imp_?setString@Text@sf@@QEAAXAEBVString@2@@Z) referenced in function "public: virtual void __cdecl FPSMonitor::update(class sf::Time &)" (?update@FPSMonitor@@UEAAXAEAVTime@sf@@@Z)
FPSMonitor.obj : error LNK2019: unresolved external symbol "__declspec(dllimport) public: virtual __cdecl sf::Text::~Text(void)" (__imp_??1Text@sf@@UEAA@XZ) referenced in function "public: virtual void * __cdecl sf::Text::`scalar deleting destructor'(unsigned int)" (??_GText@sf@@UEAAPEAXI@Z)
GameManager.obj : error LNK2001: unresolved external symbol "__declspec(dllimport) public: virtual __cdecl sf::Text::~Text(void)" (__imp_??1Text@sf@@UEAA@XZ)
GameManager.obj : error LNK2019: unresolved external symbol "__declspec(dllimport) public: __cdecl sf::Time::Time(void)" (__imp_??0Time@sf@@QEAA@XZ) referenced in function "private: __cdecl TimeKeeper::TimeKeeper(void)" (??0TimeKeeper@@AEAA@XZ)
GameManager.obj : error LNK2019: unresolved external symbol "__declspec(dllimport) public: __cdecl sf::Clock::Clock(void)" (__imp_??0Clock@sf@@QEAA@XZ) referenced in function "private: __cdecl TimeKeeper::TimeKeeper(void)" (??0TimeKeeper@@AEAA@XZ)
TimeKeeper.obj : error LNK2001: unresolved external symbol "__declspec(dllimport) public: __cdecl sf::Clock::Clock(void)" (__imp_??0Clock@sf@@QEAA@XZ)
GameManager.obj : error LNK2019: unresolved external symbol "__declspec(dllimport) public: __cdecl sf::VideoMode::VideoMode(unsigned int,unsigned int,unsigned int)" (__imp_??0VideoMode@sf@@QEAA@III@Z) referenced in function "private: void __cdecl GameManager::initWindow(void)" (?initWindow@GameManager@@AEAAXXZ)
GameManager.obj : error LNK2019: unresolved external symbol "__declspec(dllimport) public: void __cdecl sf::Window::close(void)" (__imp_?close@Window@sf@@QEAAXXZ) referenced in function "private: void __cdecl GameManager::eventUpdate(void)" (?eventUpdate@GameManager@@AEAAXXZ)
GameManager.obj : error LNK2019: unresolved external symbol "__declspec(dllimport) public: bool __cdecl sf::Window::isOpen(void)const " (__imp_?isOpen@Window@sf@@QEBA_NXZ) referenced in function "public: bool const __cdecl GameManager::isWindowOpen(void)const " (?isWindowOpen@GameManager@@QEBA?B_NXZ)
GameManager.obj : error LNK2019: unresolved external symbol "__declspec(dllimport) public: bool __cdecl sf::Window::pollEvent(class sf::Event &)" (__imp_?pollEvent@Window@sf@@QEAA_NAEAVEvent@2@@Z) referenced in function "private: void __cdecl GameManager::eventUpdate(void)" (?eventUpdate@GameManager@@AEAAXXZ)
GameManager.obj : error LNK2019: unresolved external symbol "__declspec(dllimport) public: void __cdecl sf::Window::setVerticalSyncEnabled(bool)" (__imp_?setVerticalSyncEnabled@Window@sf@@QEAAX_N@Z) referenced in function "private: void __cdecl GameManager::initWindow(void)" (?initWindow@GameManager@@AEAAXXZ)
GameManager.obj : error LNK2019: unresolved external symbol "__declspec(dllimport) public: void __cdecl sf::Window::display(void)" (__imp_?display@Window@sf@@QEAAXXZ) referenced in function "private: void __cdecl GameManager::render(void)" (?render@GameManager@@AEAAXXZ)
GameManager.obj : error LNK2019: unresolved external symbol "__declspec(dllimport) public: __cdecl sf::Color::Color(unsigned char,unsigned char,unsigned char,unsigned char)" (__imp_??0Color@sf@@QEAA@EEEE@Z) referenced in function "private: void __cdecl GameManager::render(void)" (?render@GameManager@@AEAAXXZ)
GameManager.obj : error LNK2019: unresolved external symbol "__declspec(dllimport) public: __cdecl sf::Font::Font(void)" (__imp_??0Font@sf@@QEAA@XZ) referenced in function "private: __cdecl FPSMonitor::FPSMonitor(void)" (??0FPSMonitor@@AEAA@XZ)
GameManager.obj : error LNK2019: unresolved external symbol "__declspec(dllimport) public: bool __cdecl sf::Font::loadFromFile(class std::basic_string<char,struct std::char_traits<char>,class std::allocator<char> > const &)" (__imp_?loadFromFile@Font@sf@@QEAA_NAEBV?$basic_string@DU?$char_traits@D@std@@V?$allocator@D@2@@std@@@Z) referenced in function "private: __cdecl FPSMonitor::FPSMonitor(void)" (??0FPSMonitor@@AEAA@XZ)
GameManager.obj : error LNK2019: unresolved external symbol "__declspec(dllimport) public: void __cdecl sf::RenderTarget::clear(class sf::Color const &)" (__imp_?clear@RenderTarget@sf@@QEAAXAEBVColor@2@@Z) referenced in function "private: void __cdecl GameManager::render(void)" (?render@GameManager@@AEAAXXZ)
GameManager.obj : error LNK2019: unresolved external symbol "__declspec(dllimport) public: __cdecl sf::RenderWindow::RenderWindow(class sf::VideoMode,class sf::String const &,unsigned int,struct sf::ContextSettings const &)" (__imp_??0RenderWindow@sf@@QEAA@VVideoMode@1@AEBVString@1@IAEBUContextSettings@1@@Z) referenced in function "private: void __cdecl GameManager::initWindow(void)" (?initWindow@GameManager@@AEAAXXZ)
GameManager.obj : error LNK2019: unresolved external symbol "__declspec(dllimport) public: virtual __cdecl sf::RenderWindow::~RenderWindow(void)" (__imp_??1RenderWindow@sf@@UEAA@XZ) referenced in function "public: virtual void * __cdecl sf::RenderWindow::`scalar deleting destructor'(unsigned int)" (??_GRenderWindow@sf@@UEAAPEAXI@Z)
GameManager.obj : error LNK2019: unresolved external symbol "__declspec(dllimport) public: __cdecl sf::Text::Text(void)" (__imp_??0Text@sf@@QEAA@XZ) referenced in function "private: __cdecl FPSMonitor::FPSMonitor(void)" (??0FPSMonitor@@AEAA@XZ)
GameManager.obj : error LNK2019: unresolved external symbol "__declspec(dllimport) public: void __cdecl sf::Text::setFont(class sf::Font const &)" (__imp_?setFont@Text@sf@@QEAAXAEBVFont@2@@Z) referenced in function "private: __cdecl FPSMonitor::FPSMonitor(void)" (??0FPSMonitor@@AEAA@XZ)
GameManager.obj : error LNK2019: unresolved external symbol "__declspec(dllimport) public: void __cdecl sf::Text::setFillColor(class sf::Color const &)" (__imp_?setFillColor@Text@sf@@QEAAXAEBVColor@2@@Z) referenced in function "private: __cdecl FPSMonitor::FPSMonitor(void)" (??0FPSMonitor@@AEAA@XZ)
GameManager.obj : error LNK2001: unresolved external symbol "public: virtual class sf::Vector2<unsigned int> __cdecl sf::RenderWindow::getSize(void)const " (?getSize@RenderWindow@sf@@UEBA?AV?$Vector2@I@2@XZ)
GameManager.obj : error LNK2001: unresolved external symbol "protected: virtual void __cdecl sf::RenderWindow::onCreate(void)" (?onCreate@RenderWindow@sf@@MEAAXXZ)
GameManager.obj : error LNK2001: unresolved external symbol "protected: virtual void __cdecl sf::RenderWindow::onResize(void)" (?onResize@RenderWindow@sf@@MEAAXXZ)
GameManager.obj : error LNK2001: unresolved external symbol "public: virtual bool __cdecl sf::RenderWindow::setActive(bool)" (?setActive@RenderWindow@sf@@UEAA_N_N@Z)
GameManager.obj : error LNK2019: unresolved external symbol "__declspec(dllimport) public: static class sf::Time const sf::Time::Zero" (__imp_?Zero@Time@sf@@2V12@B) referenced in function "private: __cdecl TimeKeeper::TimeKeeper(void)" (??0TimeKeeper@@AEAA@XZ)
GameManager.obj : error LNK2019: unresolved external symbol "__declspec(dllimport) public: static class sf::Color const sf::Color::Red" (__imp_?Red@Color@sf@@2V12@B) referenced in function "private: __cdecl FPSMonitor::FPSMonitor(void)" (??0FPSMonitor@@AEAA@XZ)
RectangleGizmo.obj : error LNK2001: unresolved external symbol "__declspec(dllimport) public: class sf::Vector2<float> const & __cdecl sf::Transformable::getPosition(void)const " (__imp_?getPosition@Transformable@sf@@QEBAAEBV?$Vector2@M@2@XZ)
SpriteWrapper.obj : error LNK2001: unresolved external symbol "__declspec(dllimport) public: class sf::Vector2<float> const & __cdecl sf::Transformable::getPosition(void)const " (__imp_?getPosition@Transformable@sf@@QEBAAEBV?$Vector2@M@2@XZ)
LineGizmo.obj : error LNK2001: unresolved external symbol "__declspec(dllimport) public: class sf::Vector2<float> const & __cdecl sf::Transformable::getPosition(void)const " (__imp_?getPosition@Transformable@sf@@QEBAAEBV?$Vector2@M@2@XZ)
Player.obj : error LNK2001: unresolved external symbol "__declspec(dllimport) public: class sf::Vector2<float> const & __cdecl sf::Transformable::getPosition(void)const " (__imp_?getPosition@Transformable@sf@@QEBAAEBV?$Vector2@M@2@XZ)
CarBodyPrefab.obj : error LNK2001: unresolved external symbol "__declspec(dllimport) public: class sf::Vector2<float> const & __cdecl sf::Transformable::getPosition(void)const " (__imp_?getPosition@Transformable@sf@@QEBAAEBV?$Vector2@M@2@XZ)
CarWheelPrefab.obj : error LNK2001: unresolved external symbol "__declspec(dllimport) public: class sf::Vector2<float> const & __cdecl sf::Transformable::getPosition(void)const " (__imp_?getPosition@Transformable@sf@@QEBAAEBV?$Vector2@M@2@XZ)
RectangleGizmo.obj : error LNK2001: unresolved external symbol "__declspec(dllimport) public: float __cdecl sf::Transformable::getRotation(void)const " (__imp_?getRotation@Transformable@sf@@QEBAMXZ)
SpriteWrapper.obj : error LNK2001: unresolved external symbol "__declspec(dllimport) public: float __cdecl sf::Transformable::getRotation(void)const " (__imp_?getRotation@Transformable@sf@@QEBAMXZ)
LineGizmo.obj : error LNK2001: unresolved external symbol "__declspec(dllimport) public: float __cdecl sf::Transformable::getRotation(void)const " (__imp_?getRotation@Transformable@sf@@QEBAMXZ)
Player.obj : error LNK2001: unresolved external symbol "__declspec(dllimport) public: float __cdecl sf::Transformable::getRotation(void)const " (__imp_?getRotation@Transformable@sf@@QEBAMXZ)
CarBodyPrefab.obj : error LNK2001: unresolved external symbol "__declspec(dllimport) public: float __cdecl sf::Transformable::getRotation(void)const " (__imp_?getRotation@Transformable@sf@@QEBAMXZ)
CarWheelPrefab.obj : error LNK2001: unresolved external symbol "__declspec(dllimport) public: float __cdecl sf::Transformable::getRotation(void)const " (__imp_?getRotation@Transformable@sf@@QEBAMXZ)
LineGizmo.obj : error LNK2019: unresolved external symbol "__declspec(dllimport) public: __cdecl sf::Color::Color(void)" (__imp_??0Color@sf@@QEAA@XZ) referenced in function "public: __cdecl LineGizmo::LineGizmo(class GameObject *,class GameObject *,class sf::Color)" (??0LineGizmo@@QEAA@PEAVGameObject@@0VColor@sf@@@Z)
LineGizmo.obj : error LNK2019: unresolved external symbol "__declspec(dllimport) public: __cdecl sf::Vertex::Vertex(class sf::Vector2<float> const &,class sf::Color const &)" (__imp_??0Vertex@sf@@QEAA@AEBV?$Vector2@M@1@AEBVColor@1@@Z) referenced in function "public: virtual void __cdecl LineGizmo::renderGizmos(class sf::RenderWindow &)" (?renderGizmos@LineGizmo@@UEAAXAEAVRenderWindow@sf@@@Z)
LineGizmo.obj : error LNK2019: unresolved external symbol "__declspec(dllimport) public: void __cdecl sf::RenderTarget::draw(class sf::Vertex const *,unsigned __int64,enum sf::PrimitiveType,class sf::RenderStates const &)" (__imp_?draw@RenderTarget@sf@@QEAAXPEBVVertex@2@_KW4PrimitiveType@2@AEBVRenderStates@2@@Z) referenced in function "public: virtual void __cdecl LineGizmo::renderGizmos(class sf::RenderWindow &)" (?renderGizmos@LineGizmo@@UEAAXAEAVRenderWindow@sf@@@Z)
Player.obj : error LNK2019: unresolved external symbol "__declspec(dllimport) public: void __cdecl sf::Transformable::setPosition(float,float)" (__imp_?setPosition@Transformable@sf@@QEAAXMM@Z) referenced in function "public: __cdecl Player::Player(void)" (??0Player@@QEAA@XZ)
Player.obj : error LNK2019: unresolved external symbol "__declspec(dllimport) public: void __cdecl sf::Transformable::setOrigin(class sf::Vector2<float> const &)" (__imp_?setOrigin@Transformable@sf@@QEAAXAEBV?$Vector2@M@2@@Z) referenced in function "protected: virtual void __cdecl Player::update(class sf::Time &)" (?update@Player@@MEAAXAEAVTime@sf@@@Z)
SpriteWrapper.obj : error LNK2001: unresolved external symbol "__declspec(dllimport) public: void __cdecl sf::Transformable::setOrigin(class sf::Vector2<float> const &)" (__imp_?setOrigin@Transformable@sf@@QEAAXAEBV?$Vector2@M@2@@Z)
Player.obj : error LNK2019: unresolved external symbol "__declspec(dllimport) public: void __cdecl sf::Transformable::move(float,float)" (__imp_?move@Transformable@sf@@QEAAXMM@Z) referenced in function "protected: virtual void __cdecl Player::update(class sf::Time &)" (?update@Player@@MEAAXAEAVTime@sf@@@Z)
Player.obj : error LNK2019: unresolved external symbol "__declspec(dllimport) public: void __cdecl sf::Transformable::rotate(float)" (__imp_?rotate@Transformable@sf@@QEAAXM@Z) referenced in function "protected: virtual void __cdecl Player::update(class sf::Time &)" (?update@Player@@MEAAXAEAVTime@sf@@@Z)
PlayerController.obj : error LNK2019: unresolved external symbol "__declspec(dllimport) public: static bool __cdecl sf::Keyboard::isKeyPressed(enum sf::Keyboard::Key)" (__imp_?isKeyPressed@Keyboard@sf@@SA_NW4Key@12@@Z) referenced in function "private: static bool __cdecl PlayerController::IsAnyKeyPressed(enum sf::Keyboard::Key (&)[2])" (?IsAnyKeyPressed@PlayerController@@CA_NAEAY01W4Key@Keyboard@sf@@@Z)
CarBodyPrefab.obj : error LNK2019: unresolved external symbol "__declspec(dllimport) public: void __cdecl sf::Transformable::setRotation(float)" (__imp_?setRotation@Transformable@sf@@QEAAXM@Z) referenced in function "protected: virtual void __cdecl CarBodyPrefab::update(class sf::Time &)" (?update@CarBodyPrefab@@MEAAXAEAVTime@sf@@@Z)
CarWheelPrefab.obj : error LNK2001: unresolved external symbol "__declspec(dllimport) public: void __cdecl sf::Transformable::setRotation(float)" (__imp_?setRotation@Transformable@sf@@QEAAXM@Z)
RectangleGizmo.obj : error LNK2001: unresolved external symbol "__declspec(dllimport) public: void __cdecl sf::Transformable::setRotation(float)" (__imp_?setRotation@Transformable@sf@@QEAAXM@Z)
SpriteWrapper.obj : error LNK2001: unresolved external symbol "__declspec(dllimport) public: void __cdecl sf::Transformable::setRotation(float)" (__imp_?setRotation@Transformable@sf@@QEAAXM@Z)
RectangleGizmo.obj : error LNK2019: unresolved external symbol "__declspec(dllimport) public: __cdecl sf::RectangleShape::RectangleShape(class sf::Vector2<float> const &)" (__imp_??0RectangleShape@sf@@QEAA@AEBV?$Vector2@M@1@@Z) referenced in function "public: __cdecl RectangleGizmo::RectangleGizmo(float,float)" (??0RectangleGizmo@@QEAA@MM@Z)
RectangleGizmo.obj : error LNK2019: unresolved external symbol "__declspec(dllimport) public: void __cdecl sf::RectangleShape::setSize(class sf::Vector2<float> const &)" (__imp_?setSize@RectangleShape@sf@@QEAAXAEBV?$Vector2@M@2@@Z) referenced in function "public: __cdecl RectangleGizmo::RectangleGizmo(float,float)" (??0RectangleGizmo@@QEAA@MM@Z)
RectangleGizmo.obj : error LNK2019: unresolved external symbol "__declspec(dllimport) public: virtual __cdecl sf::RectangleShape::~RectangleShape(void)" (__imp_??1RectangleShape@sf@@UEAA@XZ) referenced in function "public: __cdecl RectangleGizmo::~RectangleGizmo(void)" (??1RectangleGizmo@@QEAA@XZ)
SpriteWrapper.obj : error LNK2019: unresolved external symbol "__declspec(dllimport) public: __cdecl sf::Image::Image(void)" (__imp_??0Image@sf@@QEAA@XZ) referenced in function "public: void __cdecl SpriteWrapper::setImage(class std::basic_string<char,struct std::char_traits<char>,class std::allocator<char> >)" (?setImage@SpriteWrapper@@QEAAXV?$basic_string@DU?$char_traits@D@std@@V?$allocator@D@2@@std@@@Z)
SpriteWrapper.obj : error LNK2019: unresolved external symbol "__declspec(dllimport) public: __cdecl sf::Image::~Image(void)" (__imp_??1Image@sf@@QEAA@XZ) referenced in function "public: void * __cdecl sf::Image::`scalar deleting destructor'(unsigned int)" (??_GImage@sf@@QEAAPEAXI@Z)
SpriteWrapper.obj : error LNK2019: unresolved external symbol "__declspec(dllimport) public: bool __cdecl sf::Image::loadFromFile(class std::basic_string<char,struct std::char_traits<char>,class std::allocator<char> > const &)" (__imp_?loadFromFile@Image@sf@@QEAA_NAEBV?$basic_string@DU?$char_traits@D@std@@V?$allocator@D@2@@std@@@Z) referenced in function "public: void __cdecl SpriteWrapper::setImage(class std::basic_string<char,struct std::char_traits<char>,class std::allocator<char> >)" (?setImage@SpriteWrapper@@QEAAXV?$basic_string@DU?$char_traits@D@std@@V?$allocator@D@2@@std@@@Z)
SpriteWrapper.obj : error LNK2019: unresolved external symbol "__declspec(dllimport) public: __cdecl sf::Texture::Texture(void)" (__imp_??0Texture@sf@@QEAA@XZ) referenced in function "public: void __cdecl SpriteWrapper::setImage(class std::basic_string<char,struct std::char_traits<char>,class std::allocator<char> >)" (?setImage@SpriteWrapper@@QEAAXV?$basic_string@DU?$char_traits@D@std@@V?$allocator@D@2@@std@@@Z)
SpriteWrapper.obj : error LNK2019: unresolved external symbol "__declspec(dllimport) public: __cdecl sf::Texture::~Texture(void)" (__imp_??1Texture@sf@@QEAA@XZ) referenced in function "public: void * __cdecl sf::Texture::`scalar deleting destructor'(unsigned int)" (??_GTexture@sf@@QEAAPEAXI@Z)
SpriteWrapper.obj : error LNK2019: unresolved external symbol "__declspec(dllimport) public: bool __cdecl sf::Texture::loadFromImage(class sf::Image const &,class sf::Rect<int> const &)" (__imp_?loadFromImage@Texture@sf@@QEAA_NAEBVImage@2@AEBV?$Rect@H@2@@Z) referenced in function "public: void __cdecl SpriteWrapper::setImage(class std::basic_string<char,struct std::char_traits<char>,class std::allocator<char> >)" (?setImage@SpriteWrapper@@QEAAXV?$basic_string@DU?$char_traits@D@std@@V?$allocator@D@2@@std@@@Z)
SpriteWrapper.obj : error LNK2019: unresolved external symbol "__declspec(dllimport) public: class sf::Vector2<unsigned int> __cdecl sf::Texture::getSize(void)const " (__imp_?getSize@Texture@sf@@QEBA?AV?$Vector2@I@2@XZ) referenced in function "public: void __cdecl SpriteWrapper::setImage(class std::basic_string<char,struct std::char_traits<char>,class std::allocator<char> >)" (?setImage@SpriteWrapper@@QEAAXV?$basic_string@DU?$char_traits@D@std@@V?$allocator@D@2@@std@@@Z)
SpriteWrapper.obj : error LNK2019: unresolved external symbol "__declspec(dllimport) public: __cdecl sf::Sprite::Sprite(class sf::Texture const &)" (__imp_??0Sprite@sf@@QEAA@AEBVTexture@1@@Z) referenced in function "public: void __cdecl SpriteWrapper::setImage(class std::basic_string<char,struct std::char_traits<char>,class std::allocator<char> >)" (?setImage@SpriteWrapper@@QEAAXV?$basic_string@DU?$char_traits@D@std@@V?$allocator@D@2@@std@@@Z)
SpriteWrapper.obj : error LNK2019: unresolved external symbol "__declspec(dllimport) public: virtual __cdecl sf::Sprite::~Sprite(void)" (__imp_??1Sprite@sf@@UEAA@XZ) referenced in function "public: virtual void * __cdecl sf::Sprite::`scalar deleting destructor'(unsigned int)" (??_GSprite@sf@@UEAAPEAXI@Z)
SpriteWrapper.obj : error LNK2001: unresolved external symbol "private: virtual void __cdecl sf::Sprite::draw(class sf::RenderTarget &,class sf::RenderStates)const " (?draw@Sprite@sf@@EEBAXAEAVRenderTarget@2@VRenderStates@2@@Z)
TimeKeeper.obj : error LNK2019: unresolved external symbol "__declspec(dllimport) class sf::Time __cdecl sf::operator-(class sf::Time,class sf::Time)" (__imp_??Gsf@@YA?AVTime@0@V10@0@Z) referenced in function "protected: virtual void __cdecl TimeKeeper::update(class sf::Time &)" (?update@TimeKeeper@@MEAAXAEAVTime@sf@@@Z)
TimeKeeper.obj : error LNK2019: unresolved external symbol "__declspec(dllimport) public: class sf::Time __cdecl sf::Clock::getElapsedTime(void)const " (__imp_?getElapsedTime@Clock@sf@@QEBA?AVTime@2@XZ) referenced in function "protected: virtual void __cdecl TimeKeeper::update(class sf::Time &)" (?update@TimeKeeper@@MEAAXAEAVTime@sf@@@Z)
C:\SFML\lib\sfml-graphics-d.lib : warning LNK4272: library machine type 'x86' conflicts with target machine type 'x64'
C:\SFML\lib\sfml-system-d.lib : warning LNK4272: library machine type 'x86' conflicts with target machine type 'x64'
C:\SFML\lib\sfml-window-d.lib : warning LNK4272: library machine type 'x86' conflicts with target machine type 'x64'
C:\SFML\lib\sfml-audio-d.lib : warning LNK4272: library machine type 'x86' conflicts with target machine type 'x64'
C:\SFML\lib\sfml-network-d.lib : warning LNK4272: library machine type 'x86' conflicts with target machine type 'x64'
C:\Users\andrew.patton\Documents\GitHub\PattonParking\x64\Debug\PattonParking.exe : fatal error LNK1120: 69 unresolved externals
