c:\users\user\documents\github\pattonparking\x64\debug\carbodyprefab.obj
c:\users\user\documents\github\pattonparking\x64\debug\fpsmonitor.obj
c:\users\user\documents\github\pattonparking\x64\debug\gamecomponent.obj
c:\users\user\documents\github\pattonparking\x64\debug\gamemanager.obj
c:\users\user\documents\github\pattonparking\x64\debug\gameobject.obj
c:\users\user\documents\github\pattonparking\x64\debug\main.obj
c:\users\user\documents\github\pattonparking\x64\debug\player.obj
c:\users\user\documents\github\pattonparking\x64\debug\playercontroller.obj
c:\users\user\documents\github\pattonparking\x64\debug\renderable.obj
c:\users\user\documents\github\pattonparking\x64\debug\spritewrapper.obj
c:\users\user\documents\github\pattonparking\x64\debug\timekeeper.obj
c:\users\user\documents\github\pattonparking\x64\debug\updateable.obj
c:\users\user\documents\github\pattonparking\x64\debug\vc142.idb
c:\users\user\documents\github\pattonparking\x64\debug\carbodyprefab.xdc
c:\users\user\documents\github\pattonparking\x64\debug\fpsmonitor.xdc
c:\users\user\documents\github\pattonparking\x64\debug\gamecomponent.xdc
c:\users\user\documents\github\pattonparking\x64\debug\gamemanager.xdc
c:\users\user\documents\github\pattonparking\x64\debug\gameobject.xdc
c:\users\user\documents\github\pattonparking\x64\debug\main.xdc
c:\users\user\documents\github\pattonparking\x64\debug\player.xdc
c:\users\user\documents\github\pattonparking\x64\debug\playercontroller.xdc
c:\users\user\documents\github\pattonparking\x64\debug\renderable.xdc
c:\users\user\documents\github\pattonparking\x64\debug\spritewrapper.xdc
c:\users\user\documents\github\pattonparking\x64\debug\timekeeper.xdc
c:\users\user\documents\github\pattonparking\x64\debug\updateable.xdc
c:\users\user\documents\github\pattonparking\x64\debug\vc142.pdb
c:\users\user\documents\github\pattonparking\x64\debug\pattonparking.tlog\cl.command.1.tlog
